<?xml version="1.0" encoding="UTF-8"?>
<testng-results ignored="0" total="1" passed="1" failed="0" skipped="0">
  <reporter-output>
  </reporter-output>
  <suite started-at="2023-03-31T08:10:30 IST" name="Default suite" finished-at="2023-03-31T08:10:48 IST" duration-ms="18491">
    <groups>
    </groups>
    <test started-at="2023-03-31T08:10:30 IST" name="Default test" finished-at="2023-03-31T08:10:48 IST" duration-ms="18491">
      <class name="com.opencart.tests.RegistrationPageTest">
        <test-method is-config="true" signature="load()[pri:0, instance:com.opencart.tests.RegistrationPageTest@2e3967ea]" started-at="2023-03-31T08:10:30 IST" name="load" finished-at="2023-03-31T08:10:32 IST" duration-ms="2482" status="PASS">
          <reporter-output>
          </reporter-output>
        </test-method> <!-- load -->
        <test-method signature="doRegister()[pri:0, instance:com.opencart.tests.RegistrationPageTest@2e3967ea]" started-at="2023-03-31T08:10:32 IST" name="doRegister" finished-at="2023-03-31T08:10:48 IST" duration-ms="15768" status="PASS">
          <reporter-output>
          </reporter-output>
        </test-method> <!-- doRegister -->
        <test-method is-config="true" signature="tearDown()[pri:0, instance:com.opencart.tests.RegistrationPageTest@2e3967ea]" started-at="2023-03-31T08:10:48 IST" name="tearDown" finished-at="2023-03-31T08:10:48 IST" duration-ms="199" status="PASS">
          <reporter-output>
          </reporter-output>
        </test-method> <!-- tearDown -->
      </class> <!-- com.opencart.tests.RegistrationPageTest -->
    </test> <!-- Default test -->
  </suite> <!-- Default suite -->
</testng-results>
